ARM GAS  C:\Users\CompuTOP\AppData\Local\Temp\ccDgRWPw.s 			page 1


   1              		.cpu cortex-m7
   2              		.eabi_attribute 28, 1
   3              		.eabi_attribute 20, 1
   4              		.eabi_attribute 21, 1
   5              		.eabi_attribute 23, 3
   6              		.eabi_attribute 24, 1
   7              		.eabi_attribute 25, 1
   8              		.eabi_attribute 26, 1
   9              		.eabi_attribute 30, 1
  10              		.eabi_attribute 34, 1
  11              		.eabi_attribute 18, 4
  12              		.file	"stm32h7xx_hal_msp.c"
  13              		.text
  14              	.Ltext0:
  15              		.cfi_sections	.debug_frame
  16              		.section	.text.HAL_MspInit,"ax",%progbits
  17              		.align	1
  18              		.global	HAL_MspInit
  19              		.syntax unified
  20              		.thumb
  21              		.thumb_func
  22              		.fpu fpv5-d16
  24              	HAL_MspInit:
  25              	.LFB144:
  26              		.file 1 "Core/Src/stm32h7xx_hal_msp.c"
   1:Core/Src/stm32h7xx_hal_msp.c **** /* USER CODE BEGIN Header */
   2:Core/Src/stm32h7xx_hal_msp.c **** /**
   3:Core/Src/stm32h7xx_hal_msp.c ****   ******************************************************************************
   4:Core/Src/stm32h7xx_hal_msp.c ****   * @file         stm32h7xx_hal_msp.c
   5:Core/Src/stm32h7xx_hal_msp.c ****   * @brief        This file provides code for the MSP Initialization
   6:Core/Src/stm32h7xx_hal_msp.c ****   *               and de-Initialization codes.
   7:Core/Src/stm32h7xx_hal_msp.c ****   ******************************************************************************
   8:Core/Src/stm32h7xx_hal_msp.c ****   * @attention
   9:Core/Src/stm32h7xx_hal_msp.c ****   *
  10:Core/Src/stm32h7xx_hal_msp.c ****   * <h2><center>&copy; Copyright (c) 2022 STMicroelectronics.
  11:Core/Src/stm32h7xx_hal_msp.c ****   * All rights reserved.</center></h2>
  12:Core/Src/stm32h7xx_hal_msp.c ****   *
  13:Core/Src/stm32h7xx_hal_msp.c ****   * This software component is licensed by ST under BSD 3-Clause license,
  14:Core/Src/stm32h7xx_hal_msp.c ****   * the "License"; You may not use this file except in compliance with the
  15:Core/Src/stm32h7xx_hal_msp.c ****   * License. You may obtain a copy of the License at:
  16:Core/Src/stm32h7xx_hal_msp.c ****   *                        opensource.org/licenses/BSD-3-Clause
  17:Core/Src/stm32h7xx_hal_msp.c ****   *
  18:Core/Src/stm32h7xx_hal_msp.c ****   ******************************************************************************
  19:Core/Src/stm32h7xx_hal_msp.c ****   */
  20:Core/Src/stm32h7xx_hal_msp.c **** /* USER CODE END Header */
  21:Core/Src/stm32h7xx_hal_msp.c **** 
  22:Core/Src/stm32h7xx_hal_msp.c **** /* Includes ------------------------------------------------------------------*/
  23:Core/Src/stm32h7xx_hal_msp.c **** #include "main.h"
  24:Core/Src/stm32h7xx_hal_msp.c **** /* USER CODE BEGIN Includes */
  25:Core/Src/stm32h7xx_hal_msp.c **** 
  26:Core/Src/stm32h7xx_hal_msp.c **** /* USER CODE END Includes */
  27:Core/Src/stm32h7xx_hal_msp.c **** 
  28:Core/Src/stm32h7xx_hal_msp.c **** /* Private typedef -----------------------------------------------------------*/
  29:Core/Src/stm32h7xx_hal_msp.c **** /* USER CODE BEGIN TD */
  30:Core/Src/stm32h7xx_hal_msp.c **** 
  31:Core/Src/stm32h7xx_hal_msp.c **** /* USER CODE END TD */
  32:Core/Src/stm32h7xx_hal_msp.c **** 
ARM GAS  C:\Users\CompuTOP\AppData\Local\Temp\ccDgRWPw.s 			page 2


  33:Core/Src/stm32h7xx_hal_msp.c **** /* Private define ------------------------------------------------------------*/
  34:Core/Src/stm32h7xx_hal_msp.c **** /* USER CODE BEGIN Define */
  35:Core/Src/stm32h7xx_hal_msp.c **** 
  36:Core/Src/stm32h7xx_hal_msp.c **** /* USER CODE END Define */
  37:Core/Src/stm32h7xx_hal_msp.c **** 
  38:Core/Src/stm32h7xx_hal_msp.c **** /* Private macro -------------------------------------------------------------*/
  39:Core/Src/stm32h7xx_hal_msp.c **** /* USER CODE BEGIN Macro */
  40:Core/Src/stm32h7xx_hal_msp.c **** 
  41:Core/Src/stm32h7xx_hal_msp.c **** /* USER CODE END Macro */
  42:Core/Src/stm32h7xx_hal_msp.c **** 
  43:Core/Src/stm32h7xx_hal_msp.c **** /* Private variables ---------------------------------------------------------*/
  44:Core/Src/stm32h7xx_hal_msp.c **** /* USER CODE BEGIN PV */
  45:Core/Src/stm32h7xx_hal_msp.c **** 
  46:Core/Src/stm32h7xx_hal_msp.c **** /* USER CODE END PV */
  47:Core/Src/stm32h7xx_hal_msp.c **** 
  48:Core/Src/stm32h7xx_hal_msp.c **** /* Private function prototypes -----------------------------------------------*/
  49:Core/Src/stm32h7xx_hal_msp.c **** /* USER CODE BEGIN PFP */
  50:Core/Src/stm32h7xx_hal_msp.c **** 
  51:Core/Src/stm32h7xx_hal_msp.c **** /* USER CODE END PFP */
  52:Core/Src/stm32h7xx_hal_msp.c **** 
  53:Core/Src/stm32h7xx_hal_msp.c **** /* External functions --------------------------------------------------------*/
  54:Core/Src/stm32h7xx_hal_msp.c **** /* USER CODE BEGIN ExternalFunctions */
  55:Core/Src/stm32h7xx_hal_msp.c **** 
  56:Core/Src/stm32h7xx_hal_msp.c **** /* USER CODE END ExternalFunctions */
  57:Core/Src/stm32h7xx_hal_msp.c **** 
  58:Core/Src/stm32h7xx_hal_msp.c **** /* USER CODE BEGIN 0 */
  59:Core/Src/stm32h7xx_hal_msp.c **** 
  60:Core/Src/stm32h7xx_hal_msp.c **** /* USER CODE END 0 */
  61:Core/Src/stm32h7xx_hal_msp.c **** /**
  62:Core/Src/stm32h7xx_hal_msp.c ****   * Initializes the Global MSP.
  63:Core/Src/stm32h7xx_hal_msp.c ****   */
  64:Core/Src/stm32h7xx_hal_msp.c **** void HAL_MspInit(void)
  65:Core/Src/stm32h7xx_hal_msp.c **** {
  27              		.loc 1 65 0
  28              		.cfi_startproc
  29              		@ args = 0, pretend = 0, frame = 8
  30              		@ frame_needed = 0, uses_anonymous_args = 0
  31              		@ link register save eliminated.
  32 0000 82B0     		sub	sp, sp, #8
  33              	.LCFI0:
  34              		.cfi_def_cfa_offset 8
  35              	.LBB2:
  66:Core/Src/stm32h7xx_hal_msp.c ****   /* USER CODE BEGIN MspInit 0 */
  67:Core/Src/stm32h7xx_hal_msp.c **** 
  68:Core/Src/stm32h7xx_hal_msp.c ****   /* USER CODE END MspInit 0 */
  69:Core/Src/stm32h7xx_hal_msp.c **** 
  70:Core/Src/stm32h7xx_hal_msp.c ****   __HAL_RCC_SYSCFG_CLK_ENABLE();
  36              		.loc 1 70 0
  37 0002 074B     		ldr	r3, .L3
  38 0004 D3F8F420 		ldr	r2, [r3, #244]
  39 0008 42F00202 		orr	r2, r2, #2
  40 000c C3F8F420 		str	r2, [r3, #244]
  41 0010 D3F8F430 		ldr	r3, [r3, #244]
  42 0014 03F00203 		and	r3, r3, #2
  43 0018 0193     		str	r3, [sp, #4]
  44 001a 019B     		ldr	r3, [sp, #4]
  45              	.LBE2:
ARM GAS  C:\Users\CompuTOP\AppData\Local\Temp\ccDgRWPw.s 			page 3


  71:Core/Src/stm32h7xx_hal_msp.c **** 
  72:Core/Src/stm32h7xx_hal_msp.c ****   /* System interrupt init*/
  73:Core/Src/stm32h7xx_hal_msp.c **** 
  74:Core/Src/stm32h7xx_hal_msp.c ****   /* USER CODE BEGIN MspInit 1 */
  75:Core/Src/stm32h7xx_hal_msp.c **** 
  76:Core/Src/stm32h7xx_hal_msp.c ****   /* USER CODE END MspInit 1 */
  77:Core/Src/stm32h7xx_hal_msp.c **** }
  46              		.loc 1 77 0
  47 001c 02B0     		add	sp, sp, #8
  48              	.LCFI1:
  49              		.cfi_def_cfa_offset 0
  50              		@ sp needed
  51 001e 7047     		bx	lr
  52              	.L4:
  53              		.align	2
  54              	.L3:
  55 0020 00440258 		.word	1476543488
  56              		.cfi_endproc
  57              	.LFE144:
  59              		.section	.text.HAL_ETH_MspInit,"ax",%progbits
  60              		.align	1
  61              		.global	HAL_ETH_MspInit
  62              		.syntax unified
  63              		.thumb
  64              		.thumb_func
  65              		.fpu fpv5-d16
  67              	HAL_ETH_MspInit:
  68              	.LFB145:
  78:Core/Src/stm32h7xx_hal_msp.c **** 
  79:Core/Src/stm32h7xx_hal_msp.c **** /**
  80:Core/Src/stm32h7xx_hal_msp.c **** * @brief ETH MSP Initialization
  81:Core/Src/stm32h7xx_hal_msp.c **** * This function configures the hardware resources used in this example
  82:Core/Src/stm32h7xx_hal_msp.c **** * @param heth: ETH handle pointer
  83:Core/Src/stm32h7xx_hal_msp.c **** * @retval None
  84:Core/Src/stm32h7xx_hal_msp.c **** */
  85:Core/Src/stm32h7xx_hal_msp.c **** void HAL_ETH_MspInit(ETH_HandleTypeDef* heth)
  86:Core/Src/stm32h7xx_hal_msp.c **** {
  69              		.loc 1 86 0
  70              		.cfi_startproc
  71              		@ args = 0, pretend = 0, frame = 48
  72              		@ frame_needed = 0, uses_anonymous_args = 0
  73              	.LVL0:
  74 0000 70B5     		push	{r4, r5, r6, lr}
  75              	.LCFI2:
  76              		.cfi_def_cfa_offset 16
  77              		.cfi_offset 4, -16
  78              		.cfi_offset 5, -12
  79              		.cfi_offset 6, -8
  80              		.cfi_offset 14, -4
  81 0002 8CB0     		sub	sp, sp, #48
  82              	.LCFI3:
  83              		.cfi_def_cfa_offset 64
  87:Core/Src/stm32h7xx_hal_msp.c ****   GPIO_InitTypeDef GPIO_InitStruct = {0};
  84              		.loc 1 87 0
  85 0004 0023     		movs	r3, #0
  86 0006 0793     		str	r3, [sp, #28]
  87 0008 0893     		str	r3, [sp, #32]
ARM GAS  C:\Users\CompuTOP\AppData\Local\Temp\ccDgRWPw.s 			page 4


  88 000a 0993     		str	r3, [sp, #36]
  89 000c 0A93     		str	r3, [sp, #40]
  90 000e 0B93     		str	r3, [sp, #44]
  88:Core/Src/stm32h7xx_hal_msp.c ****   if(heth->Instance==ETH)
  91              		.loc 1 88 0
  92 0010 0268     		ldr	r2, [r0]
  93 0012 434B     		ldr	r3, .L9
  94 0014 9A42     		cmp	r2, r3
  95 0016 01D0     		beq	.L8
  96              	.LVL1:
  97              	.L5:
  89:Core/Src/stm32h7xx_hal_msp.c ****   {
  90:Core/Src/stm32h7xx_hal_msp.c ****   /* USER CODE BEGIN ETH_MspInit 0 */
  91:Core/Src/stm32h7xx_hal_msp.c **** 
  92:Core/Src/stm32h7xx_hal_msp.c ****   /* USER CODE END ETH_MspInit 0 */
  93:Core/Src/stm32h7xx_hal_msp.c ****     /* Peripheral clock enable */
  94:Core/Src/stm32h7xx_hal_msp.c ****     __HAL_RCC_ETH1MAC_CLK_ENABLE();
  95:Core/Src/stm32h7xx_hal_msp.c ****     __HAL_RCC_ETH1TX_CLK_ENABLE();
  96:Core/Src/stm32h7xx_hal_msp.c ****     __HAL_RCC_ETH1RX_CLK_ENABLE();
  97:Core/Src/stm32h7xx_hal_msp.c **** 
  98:Core/Src/stm32h7xx_hal_msp.c ****     __HAL_RCC_GPIOC_CLK_ENABLE();
  99:Core/Src/stm32h7xx_hal_msp.c ****     __HAL_RCC_GPIOA_CLK_ENABLE();
 100:Core/Src/stm32h7xx_hal_msp.c ****     __HAL_RCC_GPIOB_CLK_ENABLE();
 101:Core/Src/stm32h7xx_hal_msp.c ****     __HAL_RCC_GPIOG_CLK_ENABLE();
 102:Core/Src/stm32h7xx_hal_msp.c ****     /**ETH GPIO Configuration
 103:Core/Src/stm32h7xx_hal_msp.c ****     PC1     ------> ETH_MDC
 104:Core/Src/stm32h7xx_hal_msp.c ****     PA1     ------> ETH_REF_CLK
 105:Core/Src/stm32h7xx_hal_msp.c ****     PA2     ------> ETH_MDIO
 106:Core/Src/stm32h7xx_hal_msp.c ****     PA7     ------> ETH_CRS_DV
 107:Core/Src/stm32h7xx_hal_msp.c ****     PC4     ------> ETH_RXD0
 108:Core/Src/stm32h7xx_hal_msp.c ****     PC5     ------> ETH_RXD1
 109:Core/Src/stm32h7xx_hal_msp.c ****     PB13     ------> ETH_TXD1
 110:Core/Src/stm32h7xx_hal_msp.c ****     PG11     ------> ETH_TX_EN
 111:Core/Src/stm32h7xx_hal_msp.c ****     PG13     ------> ETH_TXD0
 112:Core/Src/stm32h7xx_hal_msp.c ****     */
 113:Core/Src/stm32h7xx_hal_msp.c ****     GPIO_InitStruct.Pin = GPIO_PIN_1|GPIO_PIN_4|GPIO_PIN_5;
 114:Core/Src/stm32h7xx_hal_msp.c ****     GPIO_InitStruct.Mode = GPIO_MODE_AF_PP;
 115:Core/Src/stm32h7xx_hal_msp.c ****     GPIO_InitStruct.Pull = GPIO_NOPULL;
 116:Core/Src/stm32h7xx_hal_msp.c ****     GPIO_InitStruct.Speed = GPIO_SPEED_FREQ_LOW;
 117:Core/Src/stm32h7xx_hal_msp.c ****     GPIO_InitStruct.Alternate = GPIO_AF11_ETH;
 118:Core/Src/stm32h7xx_hal_msp.c ****     HAL_GPIO_Init(GPIOC, &GPIO_InitStruct);
 119:Core/Src/stm32h7xx_hal_msp.c **** 
 120:Core/Src/stm32h7xx_hal_msp.c ****     GPIO_InitStruct.Pin = GPIO_PIN_1|GPIO_PIN_2|GPIO_PIN_7;
 121:Core/Src/stm32h7xx_hal_msp.c ****     GPIO_InitStruct.Mode = GPIO_MODE_AF_PP;
 122:Core/Src/stm32h7xx_hal_msp.c ****     GPIO_InitStruct.Pull = GPIO_NOPULL;
 123:Core/Src/stm32h7xx_hal_msp.c ****     GPIO_InitStruct.Speed = GPIO_SPEED_FREQ_LOW;
 124:Core/Src/stm32h7xx_hal_msp.c ****     GPIO_InitStruct.Alternate = GPIO_AF11_ETH;
 125:Core/Src/stm32h7xx_hal_msp.c ****     HAL_GPIO_Init(GPIOA, &GPIO_InitStruct);
 126:Core/Src/stm32h7xx_hal_msp.c **** 
 127:Core/Src/stm32h7xx_hal_msp.c ****     GPIO_InitStruct.Pin = GPIO_PIN_13;
 128:Core/Src/stm32h7xx_hal_msp.c ****     GPIO_InitStruct.Mode = GPIO_MODE_AF_PP;
 129:Core/Src/stm32h7xx_hal_msp.c ****     GPIO_InitStruct.Pull = GPIO_NOPULL;
 130:Core/Src/stm32h7xx_hal_msp.c ****     GPIO_InitStruct.Speed = GPIO_SPEED_FREQ_LOW;
 131:Core/Src/stm32h7xx_hal_msp.c ****     GPIO_InitStruct.Alternate = GPIO_AF11_ETH;
 132:Core/Src/stm32h7xx_hal_msp.c ****     HAL_GPIO_Init(GPIOB, &GPIO_InitStruct);
 133:Core/Src/stm32h7xx_hal_msp.c **** 
 134:Core/Src/stm32h7xx_hal_msp.c ****     GPIO_InitStruct.Pin = GPIO_PIN_11|GPIO_PIN_13;
ARM GAS  C:\Users\CompuTOP\AppData\Local\Temp\ccDgRWPw.s 			page 5


 135:Core/Src/stm32h7xx_hal_msp.c ****     GPIO_InitStruct.Mode = GPIO_MODE_AF_PP;
 136:Core/Src/stm32h7xx_hal_msp.c ****     GPIO_InitStruct.Pull = GPIO_NOPULL;
 137:Core/Src/stm32h7xx_hal_msp.c ****     GPIO_InitStruct.Speed = GPIO_SPEED_FREQ_LOW;
 138:Core/Src/stm32h7xx_hal_msp.c ****     GPIO_InitStruct.Alternate = GPIO_AF11_ETH;
 139:Core/Src/stm32h7xx_hal_msp.c ****     HAL_GPIO_Init(GPIOG, &GPIO_InitStruct);
 140:Core/Src/stm32h7xx_hal_msp.c **** 
 141:Core/Src/stm32h7xx_hal_msp.c ****   /* USER CODE BEGIN ETH_MspInit 1 */
 142:Core/Src/stm32h7xx_hal_msp.c **** 
 143:Core/Src/stm32h7xx_hal_msp.c ****   /* USER CODE END ETH_MspInit 1 */
 144:Core/Src/stm32h7xx_hal_msp.c ****   }
 145:Core/Src/stm32h7xx_hal_msp.c **** 
 146:Core/Src/stm32h7xx_hal_msp.c **** }
  98              		.loc 1 146 0
  99 0018 0CB0     		add	sp, sp, #48
 100              	.LCFI4:
 101              		.cfi_remember_state
 102              		.cfi_def_cfa_offset 16
 103              		@ sp needed
 104 001a 70BD     		pop	{r4, r5, r6, pc}
 105              	.LVL2:
 106              	.L8:
 107              	.LCFI5:
 108              		.cfi_restore_state
 109              	.LBB3:
  94:Core/Src/stm32h7xx_hal_msp.c ****     __HAL_RCC_ETH1TX_CLK_ENABLE();
 110              		.loc 1 94 0
 111 001c 414B     		ldr	r3, .L9+4
 112 001e D3F8D820 		ldr	r2, [r3, #216]
 113 0022 42F40042 		orr	r2, r2, #32768
 114 0026 C3F8D820 		str	r2, [r3, #216]
 115 002a D3F8D820 		ldr	r2, [r3, #216]
 116 002e 02F40042 		and	r2, r2, #32768
 117 0032 0092     		str	r2, [sp]
 118 0034 009A     		ldr	r2, [sp]
 119              	.LBE3:
 120              	.LBB4:
  95:Core/Src/stm32h7xx_hal_msp.c ****     __HAL_RCC_ETH1RX_CLK_ENABLE();
 121              		.loc 1 95 0
 122 0036 D3F8D820 		ldr	r2, [r3, #216]
 123 003a 42F48032 		orr	r2, r2, #65536
 124 003e C3F8D820 		str	r2, [r3, #216]
 125 0042 D3F8D820 		ldr	r2, [r3, #216]
 126 0046 02F48032 		and	r2, r2, #65536
 127 004a 0192     		str	r2, [sp, #4]
 128 004c 019A     		ldr	r2, [sp, #4]
 129              	.LBE4:
 130              	.LBB5:
  96:Core/Src/stm32h7xx_hal_msp.c **** 
 131              		.loc 1 96 0
 132 004e D3F8D820 		ldr	r2, [r3, #216]
 133 0052 42F40032 		orr	r2, r2, #131072
 134 0056 C3F8D820 		str	r2, [r3, #216]
 135 005a D3F8D820 		ldr	r2, [r3, #216]
 136 005e 02F40032 		and	r2, r2, #131072
 137 0062 0292     		str	r2, [sp, #8]
 138 0064 029A     		ldr	r2, [sp, #8]
 139              	.LBE5:
ARM GAS  C:\Users\CompuTOP\AppData\Local\Temp\ccDgRWPw.s 			page 6


 140              	.LBB6:
  98:Core/Src/stm32h7xx_hal_msp.c ****     __HAL_RCC_GPIOA_CLK_ENABLE();
 141              		.loc 1 98 0
 142 0066 D3F8E020 		ldr	r2, [r3, #224]
 143 006a 42F00402 		orr	r2, r2, #4
 144 006e C3F8E020 		str	r2, [r3, #224]
 145 0072 D3F8E020 		ldr	r2, [r3, #224]
 146 0076 02F00402 		and	r2, r2, #4
 147 007a 0392     		str	r2, [sp, #12]
 148 007c 039A     		ldr	r2, [sp, #12]
 149              	.LBE6:
 150              	.LBB7:
  99:Core/Src/stm32h7xx_hal_msp.c ****     __HAL_RCC_GPIOB_CLK_ENABLE();
 151              		.loc 1 99 0
 152 007e D3F8E020 		ldr	r2, [r3, #224]
 153 0082 42F00102 		orr	r2, r2, #1
 154 0086 C3F8E020 		str	r2, [r3, #224]
 155 008a D3F8E020 		ldr	r2, [r3, #224]
 156 008e 02F00102 		and	r2, r2, #1
 157 0092 0492     		str	r2, [sp, #16]
 158 0094 049A     		ldr	r2, [sp, #16]
 159              	.LBE7:
 160              	.LBB8:
 100:Core/Src/stm32h7xx_hal_msp.c ****     __HAL_RCC_GPIOG_CLK_ENABLE();
 161              		.loc 1 100 0
 162 0096 D3F8E020 		ldr	r2, [r3, #224]
 163 009a 42F00202 		orr	r2, r2, #2
 164 009e C3F8E020 		str	r2, [r3, #224]
 165 00a2 D3F8E020 		ldr	r2, [r3, #224]
 166 00a6 02F00202 		and	r2, r2, #2
 167 00aa 0592     		str	r2, [sp, #20]
 168 00ac 059A     		ldr	r2, [sp, #20]
 169              	.LBE8:
 170              	.LBB9:
 101:Core/Src/stm32h7xx_hal_msp.c ****     /**ETH GPIO Configuration
 171              		.loc 1 101 0
 172 00ae D3F8E020 		ldr	r2, [r3, #224]
 173 00b2 42F04002 		orr	r2, r2, #64
 174 00b6 C3F8E020 		str	r2, [r3, #224]
 175 00ba D3F8E030 		ldr	r3, [r3, #224]
 176 00be 03F04003 		and	r3, r3, #64
 177 00c2 0693     		str	r3, [sp, #24]
 178 00c4 069B     		ldr	r3, [sp, #24]
 179              	.LBE9:
 113:Core/Src/stm32h7xx_hal_msp.c ****     GPIO_InitStruct.Mode = GPIO_MODE_AF_PP;
 180              		.loc 1 113 0
 181 00c6 3223     		movs	r3, #50
 182 00c8 0793     		str	r3, [sp, #28]
 114:Core/Src/stm32h7xx_hal_msp.c ****     GPIO_InitStruct.Pull = GPIO_NOPULL;
 183              		.loc 1 114 0
 184 00ca 0226     		movs	r6, #2
 185 00cc 0896     		str	r6, [sp, #32]
 117:Core/Src/stm32h7xx_hal_msp.c ****     HAL_GPIO_Init(GPIOC, &GPIO_InitStruct);
 186              		.loc 1 117 0
 187 00ce 0B25     		movs	r5, #11
 188 00d0 0B95     		str	r5, [sp, #44]
 118:Core/Src/stm32h7xx_hal_msp.c **** 
ARM GAS  C:\Users\CompuTOP\AppData\Local\Temp\ccDgRWPw.s 			page 7


 189              		.loc 1 118 0
 190 00d2 07A9     		add	r1, sp, #28
 191 00d4 1448     		ldr	r0, .L9+8
 192              	.LVL3:
 193 00d6 FFF7FEFF 		bl	HAL_GPIO_Init
 194              	.LVL4:
 120:Core/Src/stm32h7xx_hal_msp.c ****     GPIO_InitStruct.Mode = GPIO_MODE_AF_PP;
 195              		.loc 1 120 0
 196 00da 8623     		movs	r3, #134
 197 00dc 0793     		str	r3, [sp, #28]
 121:Core/Src/stm32h7xx_hal_msp.c ****     GPIO_InitStruct.Pull = GPIO_NOPULL;
 198              		.loc 1 121 0
 199 00de 0896     		str	r6, [sp, #32]
 122:Core/Src/stm32h7xx_hal_msp.c ****     GPIO_InitStruct.Speed = GPIO_SPEED_FREQ_LOW;
 200              		.loc 1 122 0
 201 00e0 0024     		movs	r4, #0
 202 00e2 0994     		str	r4, [sp, #36]
 123:Core/Src/stm32h7xx_hal_msp.c ****     GPIO_InitStruct.Alternate = GPIO_AF11_ETH;
 203              		.loc 1 123 0
 204 00e4 0A94     		str	r4, [sp, #40]
 124:Core/Src/stm32h7xx_hal_msp.c ****     HAL_GPIO_Init(GPIOA, &GPIO_InitStruct);
 205              		.loc 1 124 0
 206 00e6 0B95     		str	r5, [sp, #44]
 125:Core/Src/stm32h7xx_hal_msp.c **** 
 207              		.loc 1 125 0
 208 00e8 07A9     		add	r1, sp, #28
 209 00ea 1048     		ldr	r0, .L9+12
 210 00ec FFF7FEFF 		bl	HAL_GPIO_Init
 211              	.LVL5:
 127:Core/Src/stm32h7xx_hal_msp.c ****     GPIO_InitStruct.Mode = GPIO_MODE_AF_PP;
 212              		.loc 1 127 0
 213 00f0 4FF40053 		mov	r3, #8192
 214 00f4 0793     		str	r3, [sp, #28]
 128:Core/Src/stm32h7xx_hal_msp.c ****     GPIO_InitStruct.Pull = GPIO_NOPULL;
 215              		.loc 1 128 0
 216 00f6 0896     		str	r6, [sp, #32]
 129:Core/Src/stm32h7xx_hal_msp.c ****     GPIO_InitStruct.Speed = GPIO_SPEED_FREQ_LOW;
 217              		.loc 1 129 0
 218 00f8 0994     		str	r4, [sp, #36]
 130:Core/Src/stm32h7xx_hal_msp.c ****     GPIO_InitStruct.Alternate = GPIO_AF11_ETH;
 219              		.loc 1 130 0
 220 00fa 0A94     		str	r4, [sp, #40]
 131:Core/Src/stm32h7xx_hal_msp.c ****     HAL_GPIO_Init(GPIOB, &GPIO_InitStruct);
 221              		.loc 1 131 0
 222 00fc 0B95     		str	r5, [sp, #44]
 132:Core/Src/stm32h7xx_hal_msp.c **** 
 223              		.loc 1 132 0
 224 00fe 07A9     		add	r1, sp, #28
 225 0100 0B48     		ldr	r0, .L9+16
 226 0102 FFF7FEFF 		bl	HAL_GPIO_Init
 227              	.LVL6:
 134:Core/Src/stm32h7xx_hal_msp.c ****     GPIO_InitStruct.Mode = GPIO_MODE_AF_PP;
 228              		.loc 1 134 0
 229 0106 4FF42053 		mov	r3, #10240
 230 010a 0793     		str	r3, [sp, #28]
 135:Core/Src/stm32h7xx_hal_msp.c ****     GPIO_InitStruct.Pull = GPIO_NOPULL;
 231              		.loc 1 135 0
ARM GAS  C:\Users\CompuTOP\AppData\Local\Temp\ccDgRWPw.s 			page 8


 232 010c 0896     		str	r6, [sp, #32]
 136:Core/Src/stm32h7xx_hal_msp.c ****     GPIO_InitStruct.Speed = GPIO_SPEED_FREQ_LOW;
 233              		.loc 1 136 0
 234 010e 0994     		str	r4, [sp, #36]
 137:Core/Src/stm32h7xx_hal_msp.c ****     GPIO_InitStruct.Alternate = GPIO_AF11_ETH;
 235              		.loc 1 137 0
 236 0110 0A94     		str	r4, [sp, #40]
 138:Core/Src/stm32h7xx_hal_msp.c ****     HAL_GPIO_Init(GPIOG, &GPIO_InitStruct);
 237              		.loc 1 138 0
 238 0112 0B95     		str	r5, [sp, #44]
 139:Core/Src/stm32h7xx_hal_msp.c **** 
 239              		.loc 1 139 0
 240 0114 07A9     		add	r1, sp, #28
 241 0116 0748     		ldr	r0, .L9+20
 242 0118 FFF7FEFF 		bl	HAL_GPIO_Init
 243              	.LVL7:
 244              		.loc 1 146 0
 245 011c 7CE7     		b	.L5
 246              	.L10:
 247 011e 00BF     		.align	2
 248              	.L9:
 249 0120 00800240 		.word	1073905664
 250 0124 00440258 		.word	1476543488
 251 0128 00080258 		.word	1476528128
 252 012c 00000258 		.word	1476526080
 253 0130 00040258 		.word	1476527104
 254 0134 00180258 		.word	1476532224
 255              		.cfi_endproc
 256              	.LFE145:
 258              		.section	.text.HAL_ETH_MspDeInit,"ax",%progbits
 259              		.align	1
 260              		.global	HAL_ETH_MspDeInit
 261              		.syntax unified
 262              		.thumb
 263              		.thumb_func
 264              		.fpu fpv5-d16
 266              	HAL_ETH_MspDeInit:
 267              	.LFB146:
 147:Core/Src/stm32h7xx_hal_msp.c **** 
 148:Core/Src/stm32h7xx_hal_msp.c **** /**
 149:Core/Src/stm32h7xx_hal_msp.c **** * @brief ETH MSP De-Initialization
 150:Core/Src/stm32h7xx_hal_msp.c **** * This function freeze the hardware resources used in this example
 151:Core/Src/stm32h7xx_hal_msp.c **** * @param heth: ETH handle pointer
 152:Core/Src/stm32h7xx_hal_msp.c **** * @retval None
 153:Core/Src/stm32h7xx_hal_msp.c **** */
 154:Core/Src/stm32h7xx_hal_msp.c **** void HAL_ETH_MspDeInit(ETH_HandleTypeDef* heth)
 155:Core/Src/stm32h7xx_hal_msp.c **** {
 268              		.loc 1 155 0
 269              		.cfi_startproc
 270              		@ args = 0, pretend = 0, frame = 0
 271              		@ frame_needed = 0, uses_anonymous_args = 0
 272              	.LVL8:
 273 0000 08B5     		push	{r3, lr}
 274              	.LCFI6:
 275              		.cfi_def_cfa_offset 8
 276              		.cfi_offset 3, -8
 277              		.cfi_offset 14, -4
ARM GAS  C:\Users\CompuTOP\AppData\Local\Temp\ccDgRWPw.s 			page 9


 156:Core/Src/stm32h7xx_hal_msp.c ****   if(heth->Instance==ETH)
 278              		.loc 1 156 0
 279 0002 0268     		ldr	r2, [r0]
 280 0004 144B     		ldr	r3, .L15
 281 0006 9A42     		cmp	r2, r3
 282 0008 00D0     		beq	.L14
 283              	.LVL9:
 284              	.L11:
 285 000a 08BD     		pop	{r3, pc}
 286              	.LVL10:
 287              	.L14:
 157:Core/Src/stm32h7xx_hal_msp.c ****   {
 158:Core/Src/stm32h7xx_hal_msp.c ****   /* USER CODE BEGIN ETH_MspDeInit 0 */
 159:Core/Src/stm32h7xx_hal_msp.c **** 
 160:Core/Src/stm32h7xx_hal_msp.c ****   /* USER CODE END ETH_MspDeInit 0 */
 161:Core/Src/stm32h7xx_hal_msp.c ****     /* Peripheral clock disable */
 162:Core/Src/stm32h7xx_hal_msp.c ****     __HAL_RCC_ETH1MAC_CLK_DISABLE();
 288              		.loc 1 162 0
 289 000c 134B     		ldr	r3, .L15+4
 290 000e D3F8D820 		ldr	r2, [r3, #216]
 291 0012 22F40042 		bic	r2, r2, #32768
 292 0016 C3F8D820 		str	r2, [r3, #216]
 163:Core/Src/stm32h7xx_hal_msp.c ****     __HAL_RCC_ETH1TX_CLK_DISABLE();
 293              		.loc 1 163 0
 294 001a D3F8D820 		ldr	r2, [r3, #216]
 295 001e 22F48032 		bic	r2, r2, #65536
 296 0022 C3F8D820 		str	r2, [r3, #216]
 164:Core/Src/stm32h7xx_hal_msp.c ****     __HAL_RCC_ETH1RX_CLK_DISABLE();
 297              		.loc 1 164 0
 298 0026 D3F8D820 		ldr	r2, [r3, #216]
 299 002a 22F40032 		bic	r2, r2, #131072
 300 002e C3F8D820 		str	r2, [r3, #216]
 165:Core/Src/stm32h7xx_hal_msp.c **** 
 166:Core/Src/stm32h7xx_hal_msp.c ****     /**ETH GPIO Configuration
 167:Core/Src/stm32h7xx_hal_msp.c ****     PC1     ------> ETH_MDC
 168:Core/Src/stm32h7xx_hal_msp.c ****     PA1     ------> ETH_REF_CLK
 169:Core/Src/stm32h7xx_hal_msp.c ****     PA2     ------> ETH_MDIO
 170:Core/Src/stm32h7xx_hal_msp.c ****     PA7     ------> ETH_CRS_DV
 171:Core/Src/stm32h7xx_hal_msp.c ****     PC4     ------> ETH_RXD0
 172:Core/Src/stm32h7xx_hal_msp.c ****     PC5     ------> ETH_RXD1
 173:Core/Src/stm32h7xx_hal_msp.c ****     PB13     ------> ETH_TXD1
 174:Core/Src/stm32h7xx_hal_msp.c ****     PG11     ------> ETH_TX_EN
 175:Core/Src/stm32h7xx_hal_msp.c ****     PG13     ------> ETH_TXD0
 176:Core/Src/stm32h7xx_hal_msp.c ****     */
 177:Core/Src/stm32h7xx_hal_msp.c ****     HAL_GPIO_DeInit(GPIOC, GPIO_PIN_1|GPIO_PIN_4|GPIO_PIN_5);
 301              		.loc 1 177 0
 302 0032 3221     		movs	r1, #50
 303 0034 0A48     		ldr	r0, .L15+8
 304              	.LVL11:
 305 0036 FFF7FEFF 		bl	HAL_GPIO_DeInit
 306              	.LVL12:
 178:Core/Src/stm32h7xx_hal_msp.c **** 
 179:Core/Src/stm32h7xx_hal_msp.c ****     HAL_GPIO_DeInit(GPIOA, GPIO_PIN_1|GPIO_PIN_2|GPIO_PIN_7);
 307              		.loc 1 179 0
 308 003a 8621     		movs	r1, #134
 309 003c 0948     		ldr	r0, .L15+12
 310 003e FFF7FEFF 		bl	HAL_GPIO_DeInit
ARM GAS  C:\Users\CompuTOP\AppData\Local\Temp\ccDgRWPw.s 			page 10


 311              	.LVL13:
 180:Core/Src/stm32h7xx_hal_msp.c **** 
 181:Core/Src/stm32h7xx_hal_msp.c ****     HAL_GPIO_DeInit(GPIOB, GPIO_PIN_13);
 312              		.loc 1 181 0
 313 0042 4FF40051 		mov	r1, #8192
 314 0046 0848     		ldr	r0, .L15+16
 315 0048 FFF7FEFF 		bl	HAL_GPIO_DeInit
 316              	.LVL14:
 182:Core/Src/stm32h7xx_hal_msp.c **** 
 183:Core/Src/stm32h7xx_hal_msp.c ****     HAL_GPIO_DeInit(GPIOG, GPIO_PIN_11|GPIO_PIN_13);
 317              		.loc 1 183 0
 318 004c 4FF42051 		mov	r1, #10240
 319 0050 0648     		ldr	r0, .L15+20
 320 0052 FFF7FEFF 		bl	HAL_GPIO_DeInit
 321              	.LVL15:
 184:Core/Src/stm32h7xx_hal_msp.c **** 
 185:Core/Src/stm32h7xx_hal_msp.c ****   /* USER CODE BEGIN ETH_MspDeInit 1 */
 186:Core/Src/stm32h7xx_hal_msp.c **** 
 187:Core/Src/stm32h7xx_hal_msp.c ****   /* USER CODE END ETH_MspDeInit 1 */
 188:Core/Src/stm32h7xx_hal_msp.c ****   }
 189:Core/Src/stm32h7xx_hal_msp.c **** 
 190:Core/Src/stm32h7xx_hal_msp.c **** }
 322              		.loc 1 190 0
 323 0056 D8E7     		b	.L11
 324              	.L16:
 325              		.align	2
 326              	.L15:
 327 0058 00800240 		.word	1073905664
 328 005c 00440258 		.word	1476543488
 329 0060 00080258 		.word	1476528128
 330 0064 00000258 		.word	1476526080
 331 0068 00040258 		.word	1476527104
 332 006c 00180258 		.word	1476532224
 333              		.cfi_endproc
 334              	.LFE146:
 336              		.section	.text.HAL_UART_MspInit,"ax",%progbits
 337              		.align	1
 338              		.global	HAL_UART_MspInit
 339              		.syntax unified
 340              		.thumb
 341              		.thumb_func
 342              		.fpu fpv5-d16
 344              	HAL_UART_MspInit:
 345              	.LFB147:
 191:Core/Src/stm32h7xx_hal_msp.c **** 
 192:Core/Src/stm32h7xx_hal_msp.c **** /**
 193:Core/Src/stm32h7xx_hal_msp.c **** * @brief UART MSP Initialization
 194:Core/Src/stm32h7xx_hal_msp.c **** * This function configures the hardware resources used in this example
 195:Core/Src/stm32h7xx_hal_msp.c **** * @param huart: UART handle pointer
 196:Core/Src/stm32h7xx_hal_msp.c **** * @retval None
 197:Core/Src/stm32h7xx_hal_msp.c **** */
 198:Core/Src/stm32h7xx_hal_msp.c **** void HAL_UART_MspInit(UART_HandleTypeDef* huart)
 199:Core/Src/stm32h7xx_hal_msp.c **** {
 346              		.loc 1 199 0
 347              		.cfi_startproc
 348              		@ args = 0, pretend = 0, frame = 216
 349              		@ frame_needed = 0, uses_anonymous_args = 0
ARM GAS  C:\Users\CompuTOP\AppData\Local\Temp\ccDgRWPw.s 			page 11


 350              	.LVL16:
 351 0000 10B5     		push	{r4, lr}
 352              	.LCFI7:
 353              		.cfi_def_cfa_offset 8
 354              		.cfi_offset 4, -8
 355              		.cfi_offset 14, -4
 356 0002 B6B0     		sub	sp, sp, #216
 357              	.LCFI8:
 358              		.cfi_def_cfa_offset 224
 359 0004 0446     		mov	r4, r0
 200:Core/Src/stm32h7xx_hal_msp.c ****   GPIO_InitTypeDef GPIO_InitStruct = {0};
 360              		.loc 1 200 0
 361 0006 0021     		movs	r1, #0
 362 0008 3191     		str	r1, [sp, #196]
 363 000a 3291     		str	r1, [sp, #200]
 364 000c 3391     		str	r1, [sp, #204]
 365 000e 3491     		str	r1, [sp, #208]
 366 0010 3591     		str	r1, [sp, #212]
 201:Core/Src/stm32h7xx_hal_msp.c ****   RCC_PeriphCLKInitTypeDef PeriphClkInitStruct = {0};
 367              		.loc 1 201 0
 368 0012 BC22     		movs	r2, #188
 369 0014 02A8     		add	r0, sp, #8
 370              	.LVL17:
 371 0016 FFF7FEFF 		bl	memset
 372              	.LVL18:
 202:Core/Src/stm32h7xx_hal_msp.c ****   if(huart->Instance==USART3)
 373              		.loc 1 202 0
 374 001a 2268     		ldr	r2, [r4]
 375 001c 1B4B     		ldr	r3, .L23
 376 001e 9A42     		cmp	r2, r3
 377 0020 01D0     		beq	.L21
 378              	.L17:
 203:Core/Src/stm32h7xx_hal_msp.c ****   {
 204:Core/Src/stm32h7xx_hal_msp.c ****   /* USER CODE BEGIN USART3_MspInit 0 */
 205:Core/Src/stm32h7xx_hal_msp.c **** 
 206:Core/Src/stm32h7xx_hal_msp.c ****   /* USER CODE END USART3_MspInit 0 */
 207:Core/Src/stm32h7xx_hal_msp.c ****   /** Initializes the peripherals clock
 208:Core/Src/stm32h7xx_hal_msp.c ****   */
 209:Core/Src/stm32h7xx_hal_msp.c ****     PeriphClkInitStruct.PeriphClockSelection = RCC_PERIPHCLK_USART3;
 210:Core/Src/stm32h7xx_hal_msp.c ****     PeriphClkInitStruct.Usart234578ClockSelection = RCC_USART234578CLKSOURCE_D2PCLK1;
 211:Core/Src/stm32h7xx_hal_msp.c ****     if (HAL_RCCEx_PeriphCLKConfig(&PeriphClkInitStruct) != HAL_OK)
 212:Core/Src/stm32h7xx_hal_msp.c ****     {
 213:Core/Src/stm32h7xx_hal_msp.c ****       Error_Handler();
 214:Core/Src/stm32h7xx_hal_msp.c ****     }
 215:Core/Src/stm32h7xx_hal_msp.c **** 
 216:Core/Src/stm32h7xx_hal_msp.c ****     /* Peripheral clock enable */
 217:Core/Src/stm32h7xx_hal_msp.c ****     __HAL_RCC_USART3_CLK_ENABLE();
 218:Core/Src/stm32h7xx_hal_msp.c **** 
 219:Core/Src/stm32h7xx_hal_msp.c ****     __HAL_RCC_GPIOD_CLK_ENABLE();
 220:Core/Src/stm32h7xx_hal_msp.c ****     /**USART3 GPIO Configuration
 221:Core/Src/stm32h7xx_hal_msp.c ****     PD8     ------> USART3_TX
 222:Core/Src/stm32h7xx_hal_msp.c ****     PD9     ------> USART3_RX
 223:Core/Src/stm32h7xx_hal_msp.c ****     */
 224:Core/Src/stm32h7xx_hal_msp.c ****     GPIO_InitStruct.Pin = STLINK_RX_Pin|STLINK_TX_Pin;
 225:Core/Src/stm32h7xx_hal_msp.c ****     GPIO_InitStruct.Mode = GPIO_MODE_AF_PP;
 226:Core/Src/stm32h7xx_hal_msp.c ****     GPIO_InitStruct.Pull = GPIO_NOPULL;
 227:Core/Src/stm32h7xx_hal_msp.c ****     GPIO_InitStruct.Speed = GPIO_SPEED_FREQ_LOW;
ARM GAS  C:\Users\CompuTOP\AppData\Local\Temp\ccDgRWPw.s 			page 12


 228:Core/Src/stm32h7xx_hal_msp.c ****     GPIO_InitStruct.Alternate = GPIO_AF7_USART3;
 229:Core/Src/stm32h7xx_hal_msp.c ****     HAL_GPIO_Init(GPIOD, &GPIO_InitStruct);
 230:Core/Src/stm32h7xx_hal_msp.c **** 
 231:Core/Src/stm32h7xx_hal_msp.c ****   /* USER CODE BEGIN USART3_MspInit 1 */
 232:Core/Src/stm32h7xx_hal_msp.c **** 
 233:Core/Src/stm32h7xx_hal_msp.c ****   /* USER CODE END USART3_MspInit 1 */
 234:Core/Src/stm32h7xx_hal_msp.c ****   }
 235:Core/Src/stm32h7xx_hal_msp.c **** 
 236:Core/Src/stm32h7xx_hal_msp.c **** }
 379              		.loc 1 236 0
 380 0022 36B0     		add	sp, sp, #216
 381              	.LCFI9:
 382              		.cfi_remember_state
 383              		.cfi_def_cfa_offset 8
 384              		@ sp needed
 385 0024 10BD     		pop	{r4, pc}
 386              	.LVL19:
 387              	.L21:
 388              	.LCFI10:
 389              		.cfi_restore_state
 209:Core/Src/stm32h7xx_hal_msp.c ****     PeriphClkInitStruct.Usart234578ClockSelection = RCC_USART234578CLKSOURCE_D2PCLK1;
 390              		.loc 1 209 0
 391 0026 36A8     		add	r0, sp, #216
 392 0028 0223     		movs	r3, #2
 393 002a 40F8D03D 		str	r3, [r0, #-208]!
 211:Core/Src/stm32h7xx_hal_msp.c ****     {
 394              		.loc 1 211 0
 395 002e FFF7FEFF 		bl	HAL_RCCEx_PeriphCLKConfig
 396              	.LVL20:
 397 0032 38BB     		cbnz	r0, .L22
 398              	.L19:
 399              	.LBB10:
 217:Core/Src/stm32h7xx_hal_msp.c **** 
 400              		.loc 1 217 0
 401 0034 164B     		ldr	r3, .L23+4
 402 0036 D3F8E820 		ldr	r2, [r3, #232]
 403 003a 42F48022 		orr	r2, r2, #262144
 404 003e C3F8E820 		str	r2, [r3, #232]
 405 0042 D3F8E820 		ldr	r2, [r3, #232]
 406 0046 02F48022 		and	r2, r2, #262144
 407 004a 0092     		str	r2, [sp]
 408 004c 009A     		ldr	r2, [sp]
 409              	.LBE10:
 410              	.LBB11:
 219:Core/Src/stm32h7xx_hal_msp.c ****     /**USART3 GPIO Configuration
 411              		.loc 1 219 0
 412 004e D3F8E020 		ldr	r2, [r3, #224]
 413 0052 42F00802 		orr	r2, r2, #8
 414 0056 C3F8E020 		str	r2, [r3, #224]
 415 005a D3F8E030 		ldr	r3, [r3, #224]
 416 005e 03F00803 		and	r3, r3, #8
 417 0062 0193     		str	r3, [sp, #4]
 418 0064 019B     		ldr	r3, [sp, #4]
 419              	.LBE11:
 224:Core/Src/stm32h7xx_hal_msp.c ****     GPIO_InitStruct.Mode = GPIO_MODE_AF_PP;
 420              		.loc 1 224 0
 421 0066 4FF44073 		mov	r3, #768
ARM GAS  C:\Users\CompuTOP\AppData\Local\Temp\ccDgRWPw.s 			page 13


 422 006a 3193     		str	r3, [sp, #196]
 225:Core/Src/stm32h7xx_hal_msp.c ****     GPIO_InitStruct.Pull = GPIO_NOPULL;
 423              		.loc 1 225 0
 424 006c 0223     		movs	r3, #2
 425 006e 3293     		str	r3, [sp, #200]
 226:Core/Src/stm32h7xx_hal_msp.c ****     GPIO_InitStruct.Speed = GPIO_SPEED_FREQ_LOW;
 426              		.loc 1 226 0
 427 0070 0023     		movs	r3, #0
 428 0072 3393     		str	r3, [sp, #204]
 227:Core/Src/stm32h7xx_hal_msp.c ****     GPIO_InitStruct.Alternate = GPIO_AF7_USART3;
 429              		.loc 1 227 0
 430 0074 3493     		str	r3, [sp, #208]
 228:Core/Src/stm32h7xx_hal_msp.c ****     HAL_GPIO_Init(GPIOD, &GPIO_InitStruct);
 431              		.loc 1 228 0
 432 0076 0723     		movs	r3, #7
 433 0078 3593     		str	r3, [sp, #212]
 229:Core/Src/stm32h7xx_hal_msp.c **** 
 434              		.loc 1 229 0
 435 007a 31A9     		add	r1, sp, #196
 436 007c 0548     		ldr	r0, .L23+8
 437 007e FFF7FEFF 		bl	HAL_GPIO_Init
 438              	.LVL21:
 439              		.loc 1 236 0
 440 0082 CEE7     		b	.L17
 441              	.L22:
 213:Core/Src/stm32h7xx_hal_msp.c ****     }
 442              		.loc 1 213 0
 443 0084 FFF7FEFF 		bl	Error_Handler
 444              	.LVL22:
 445 0088 D4E7     		b	.L19
 446              	.L24:
 447 008a 00BF     		.align	2
 448              	.L23:
 449 008c 00480040 		.word	1073760256
 450 0090 00440258 		.word	1476543488
 451 0094 000C0258 		.word	1476529152
 452              		.cfi_endproc
 453              	.LFE147:
 455              		.section	.text.HAL_UART_MspDeInit,"ax",%progbits
 456              		.align	1
 457              		.global	HAL_UART_MspDeInit
 458              		.syntax unified
 459              		.thumb
 460              		.thumb_func
 461              		.fpu fpv5-d16
 463              	HAL_UART_MspDeInit:
 464              	.LFB148:
 237:Core/Src/stm32h7xx_hal_msp.c **** 
 238:Core/Src/stm32h7xx_hal_msp.c **** /**
 239:Core/Src/stm32h7xx_hal_msp.c **** * @brief UART MSP De-Initialization
 240:Core/Src/stm32h7xx_hal_msp.c **** * This function freeze the hardware resources used in this example
 241:Core/Src/stm32h7xx_hal_msp.c **** * @param huart: UART handle pointer
 242:Core/Src/stm32h7xx_hal_msp.c **** * @retval None
 243:Core/Src/stm32h7xx_hal_msp.c **** */
 244:Core/Src/stm32h7xx_hal_msp.c **** void HAL_UART_MspDeInit(UART_HandleTypeDef* huart)
 245:Core/Src/stm32h7xx_hal_msp.c **** {
 465              		.loc 1 245 0
ARM GAS  C:\Users\CompuTOP\AppData\Local\Temp\ccDgRWPw.s 			page 14


 466              		.cfi_startproc
 467              		@ args = 0, pretend = 0, frame = 0
 468              		@ frame_needed = 0, uses_anonymous_args = 0
 469              	.LVL23:
 470 0000 08B5     		push	{r3, lr}
 471              	.LCFI11:
 472              		.cfi_def_cfa_offset 8
 473              		.cfi_offset 3, -8
 474              		.cfi_offset 14, -4
 246:Core/Src/stm32h7xx_hal_msp.c ****   if(huart->Instance==USART3)
 475              		.loc 1 246 0
 476 0002 0268     		ldr	r2, [r0]
 477 0004 084B     		ldr	r3, .L29
 478 0006 9A42     		cmp	r2, r3
 479 0008 00D0     		beq	.L28
 480              	.LVL24:
 481              	.L25:
 482 000a 08BD     		pop	{r3, pc}
 483              	.LVL25:
 484              	.L28:
 247:Core/Src/stm32h7xx_hal_msp.c ****   {
 248:Core/Src/stm32h7xx_hal_msp.c ****   /* USER CODE BEGIN USART3_MspDeInit 0 */
 249:Core/Src/stm32h7xx_hal_msp.c **** 
 250:Core/Src/stm32h7xx_hal_msp.c ****   /* USER CODE END USART3_MspDeInit 0 */
 251:Core/Src/stm32h7xx_hal_msp.c ****     /* Peripheral clock disable */
 252:Core/Src/stm32h7xx_hal_msp.c ****     __HAL_RCC_USART3_CLK_DISABLE();
 485              		.loc 1 252 0
 486 000c 074A     		ldr	r2, .L29+4
 487 000e D2F8E830 		ldr	r3, [r2, #232]
 488 0012 23F48023 		bic	r3, r3, #262144
 489 0016 C2F8E830 		str	r3, [r2, #232]
 253:Core/Src/stm32h7xx_hal_msp.c **** 
 254:Core/Src/stm32h7xx_hal_msp.c ****     /**USART3 GPIO Configuration
 255:Core/Src/stm32h7xx_hal_msp.c ****     PD8     ------> USART3_TX
 256:Core/Src/stm32h7xx_hal_msp.c ****     PD9     ------> USART3_RX
 257:Core/Src/stm32h7xx_hal_msp.c ****     */
 258:Core/Src/stm32h7xx_hal_msp.c ****     HAL_GPIO_DeInit(GPIOD, STLINK_RX_Pin|STLINK_TX_Pin);
 490              		.loc 1 258 0
 491 001a 4FF44071 		mov	r1, #768
 492 001e 0448     		ldr	r0, .L29+8
 493              	.LVL26:
 494 0020 FFF7FEFF 		bl	HAL_GPIO_DeInit
 495              	.LVL27:
 259:Core/Src/stm32h7xx_hal_msp.c **** 
 260:Core/Src/stm32h7xx_hal_msp.c ****   /* USER CODE BEGIN USART3_MspDeInit 1 */
 261:Core/Src/stm32h7xx_hal_msp.c **** 
 262:Core/Src/stm32h7xx_hal_msp.c ****   /* USER CODE END USART3_MspDeInit 1 */
 263:Core/Src/stm32h7xx_hal_msp.c ****   }
 264:Core/Src/stm32h7xx_hal_msp.c **** 
 265:Core/Src/stm32h7xx_hal_msp.c **** }
 496              		.loc 1 265 0
 497 0024 F1E7     		b	.L25
 498              	.L30:
 499 0026 00BF     		.align	2
 500              	.L29:
 501 0028 00480040 		.word	1073760256
 502 002c 00440258 		.word	1476543488
ARM GAS  C:\Users\CompuTOP\AppData\Local\Temp\ccDgRWPw.s 			page 15


 503 0030 000C0258 		.word	1476529152
 504              		.cfi_endproc
 505              	.LFE148:
 507              		.section	.text.HAL_PCD_MspInit,"ax",%progbits
 508              		.align	1
 509              		.global	HAL_PCD_MspInit
 510              		.syntax unified
 511              		.thumb
 512              		.thumb_func
 513              		.fpu fpv5-d16
 515              	HAL_PCD_MspInit:
 516              	.LFB149:
 266:Core/Src/stm32h7xx_hal_msp.c **** 
 267:Core/Src/stm32h7xx_hal_msp.c **** /**
 268:Core/Src/stm32h7xx_hal_msp.c **** * @brief PCD MSP Initialization
 269:Core/Src/stm32h7xx_hal_msp.c **** * This function configures the hardware resources used in this example
 270:Core/Src/stm32h7xx_hal_msp.c **** * @param hpcd: PCD handle pointer
 271:Core/Src/stm32h7xx_hal_msp.c **** * @retval None
 272:Core/Src/stm32h7xx_hal_msp.c **** */
 273:Core/Src/stm32h7xx_hal_msp.c **** void HAL_PCD_MspInit(PCD_HandleTypeDef* hpcd)
 274:Core/Src/stm32h7xx_hal_msp.c **** {
 517              		.loc 1 274 0
 518              		.cfi_startproc
 519              		@ args = 0, pretend = 0, frame = 216
 520              		@ frame_needed = 0, uses_anonymous_args = 0
 521              	.LVL28:
 522 0000 70B5     		push	{r4, r5, r6, lr}
 523              	.LCFI12:
 524              		.cfi_def_cfa_offset 16
 525              		.cfi_offset 4, -16
 526              		.cfi_offset 5, -12
 527              		.cfi_offset 6, -8
 528              		.cfi_offset 14, -4
 529 0002 B6B0     		sub	sp, sp, #216
 530              	.LCFI13:
 531              		.cfi_def_cfa_offset 232
 532 0004 0446     		mov	r4, r0
 275:Core/Src/stm32h7xx_hal_msp.c ****   GPIO_InitTypeDef GPIO_InitStruct = {0};
 533              		.loc 1 275 0
 534 0006 0021     		movs	r1, #0
 535 0008 3191     		str	r1, [sp, #196]
 536 000a 3291     		str	r1, [sp, #200]
 537 000c 3391     		str	r1, [sp, #204]
 538 000e 3491     		str	r1, [sp, #208]
 539 0010 3591     		str	r1, [sp, #212]
 276:Core/Src/stm32h7xx_hal_msp.c ****   RCC_PeriphCLKInitTypeDef PeriphClkInitStruct = {0};
 540              		.loc 1 276 0
 541 0012 BC22     		movs	r2, #188
 542 0014 02A8     		add	r0, sp, #8
 543              	.LVL29:
 544 0016 FFF7FEFF 		bl	memset
 545              	.LVL30:
 277:Core/Src/stm32h7xx_hal_msp.c ****   if(hpcd->Instance==USB_OTG_FS)
 546              		.loc 1 277 0
 547 001a 2268     		ldr	r2, [r4]
 548 001c 234B     		ldr	r3, .L37
 549 001e 9A42     		cmp	r2, r3
ARM GAS  C:\Users\CompuTOP\AppData\Local\Temp\ccDgRWPw.s 			page 16


 550 0020 01D0     		beq	.L35
 551              	.LVL31:
 552              	.L31:
 278:Core/Src/stm32h7xx_hal_msp.c ****   {
 279:Core/Src/stm32h7xx_hal_msp.c ****   /* USER CODE BEGIN USB_OTG_FS_MspInit 0 */
 280:Core/Src/stm32h7xx_hal_msp.c **** 
 281:Core/Src/stm32h7xx_hal_msp.c ****   /* USER CODE END USB_OTG_FS_MspInit 0 */
 282:Core/Src/stm32h7xx_hal_msp.c ****   /** Initializes the peripherals clock
 283:Core/Src/stm32h7xx_hal_msp.c ****   */
 284:Core/Src/stm32h7xx_hal_msp.c ****     PeriphClkInitStruct.PeriphClockSelection = RCC_PERIPHCLK_USB;
 285:Core/Src/stm32h7xx_hal_msp.c ****     PeriphClkInitStruct.UsbClockSelection = RCC_USBCLKSOURCE_PLL;
 286:Core/Src/stm32h7xx_hal_msp.c ****     if (HAL_RCCEx_PeriphCLKConfig(&PeriphClkInitStruct) != HAL_OK)
 287:Core/Src/stm32h7xx_hal_msp.c ****     {
 288:Core/Src/stm32h7xx_hal_msp.c ****       Error_Handler();
 289:Core/Src/stm32h7xx_hal_msp.c ****     }
 290:Core/Src/stm32h7xx_hal_msp.c ****   /** Enable USB Voltage detector
 291:Core/Src/stm32h7xx_hal_msp.c ****   */
 292:Core/Src/stm32h7xx_hal_msp.c ****     HAL_PWREx_EnableUSBVoltageDetector();
 293:Core/Src/stm32h7xx_hal_msp.c **** 
 294:Core/Src/stm32h7xx_hal_msp.c ****     __HAL_RCC_GPIOA_CLK_ENABLE();
 295:Core/Src/stm32h7xx_hal_msp.c ****     /**USB_OTG_FS GPIO Configuration
 296:Core/Src/stm32h7xx_hal_msp.c ****     PA8     ------> USB_OTG_FS_SOF
 297:Core/Src/stm32h7xx_hal_msp.c ****     PA9     ------> USB_OTG_FS_VBUS
 298:Core/Src/stm32h7xx_hal_msp.c ****     PA11     ------> USB_OTG_FS_DM
 299:Core/Src/stm32h7xx_hal_msp.c ****     PA12     ------> USB_OTG_FS_DP
 300:Core/Src/stm32h7xx_hal_msp.c ****     */
 301:Core/Src/stm32h7xx_hal_msp.c ****     GPIO_InitStruct.Pin = GPIO_PIN_8|GPIO_PIN_11|GPIO_PIN_12;
 302:Core/Src/stm32h7xx_hal_msp.c ****     GPIO_InitStruct.Mode = GPIO_MODE_AF_PP;
 303:Core/Src/stm32h7xx_hal_msp.c ****     GPIO_InitStruct.Pull = GPIO_NOPULL;
 304:Core/Src/stm32h7xx_hal_msp.c ****     GPIO_InitStruct.Speed = GPIO_SPEED_FREQ_LOW;
 305:Core/Src/stm32h7xx_hal_msp.c ****     GPIO_InitStruct.Alternate = GPIO_AF10_OTG1_FS;
 306:Core/Src/stm32h7xx_hal_msp.c ****     HAL_GPIO_Init(GPIOA, &GPIO_InitStruct);
 307:Core/Src/stm32h7xx_hal_msp.c **** 
 308:Core/Src/stm32h7xx_hal_msp.c ****     GPIO_InitStruct.Pin = GPIO_PIN_9;
 309:Core/Src/stm32h7xx_hal_msp.c ****     GPIO_InitStruct.Mode = GPIO_MODE_INPUT;
 310:Core/Src/stm32h7xx_hal_msp.c ****     GPIO_InitStruct.Pull = GPIO_NOPULL;
 311:Core/Src/stm32h7xx_hal_msp.c ****     HAL_GPIO_Init(GPIOA, &GPIO_InitStruct);
 312:Core/Src/stm32h7xx_hal_msp.c **** 
 313:Core/Src/stm32h7xx_hal_msp.c ****     /* Peripheral clock enable */
 314:Core/Src/stm32h7xx_hal_msp.c ****     __HAL_RCC_USB_OTG_FS_CLK_ENABLE();
 315:Core/Src/stm32h7xx_hal_msp.c ****   /* USER CODE BEGIN USB_OTG_FS_MspInit 1 */
 316:Core/Src/stm32h7xx_hal_msp.c **** 
 317:Core/Src/stm32h7xx_hal_msp.c ****   /* USER CODE END USB_OTG_FS_MspInit 1 */
 318:Core/Src/stm32h7xx_hal_msp.c ****   }
 319:Core/Src/stm32h7xx_hal_msp.c **** 
 320:Core/Src/stm32h7xx_hal_msp.c **** }
 553              		.loc 1 320 0
 554 0022 36B0     		add	sp, sp, #216
 555              	.LCFI14:
 556              		.cfi_remember_state
 557              		.cfi_def_cfa_offset 16
 558              		@ sp needed
 559 0024 70BD     		pop	{r4, r5, r6, pc}
 560              	.LVL32:
 561              	.L35:
 562              	.LCFI15:
 563              		.cfi_restore_state
ARM GAS  C:\Users\CompuTOP\AppData\Local\Temp\ccDgRWPw.s 			page 17


 284:Core/Src/stm32h7xx_hal_msp.c ****     PeriphClkInitStruct.UsbClockSelection = RCC_USBCLKSOURCE_PLL;
 564              		.loc 1 284 0
 565 0026 4FF48023 		mov	r3, #262144
 566 002a 0293     		str	r3, [sp, #8]
 285:Core/Src/stm32h7xx_hal_msp.c ****     if (HAL_RCCEx_PeriphCLKConfig(&PeriphClkInitStruct) != HAL_OK)
 567              		.loc 1 285 0
 568 002c 4FF48013 		mov	r3, #1048576
 569 0030 2393     		str	r3, [sp, #140]
 286:Core/Src/stm32h7xx_hal_msp.c ****     {
 570              		.loc 1 286 0
 571 0032 02A8     		add	r0, sp, #8
 572 0034 FFF7FEFF 		bl	HAL_RCCEx_PeriphCLKConfig
 573              	.LVL33:
 574 0038 0028     		cmp	r0, #0
 575 003a 33D1     		bne	.L36
 576              	.L33:
 292:Core/Src/stm32h7xx_hal_msp.c **** 
 577              		.loc 1 292 0
 578 003c FFF7FEFF 		bl	HAL_PWREx_EnableUSBVoltageDetector
 579              	.LVL34:
 580              	.LBB12:
 294:Core/Src/stm32h7xx_hal_msp.c ****     /**USB_OTG_FS GPIO Configuration
 581              		.loc 1 294 0
 582 0040 1B4C     		ldr	r4, .L37+4
 583              	.LVL35:
 584 0042 D4F8E030 		ldr	r3, [r4, #224]
 585 0046 43F00103 		orr	r3, r3, #1
 586 004a C4F8E030 		str	r3, [r4, #224]
 587 004e D4F8E030 		ldr	r3, [r4, #224]
 588 0052 03F00103 		and	r3, r3, #1
 589 0056 0093     		str	r3, [sp]
 590 0058 009B     		ldr	r3, [sp]
 591              	.LBE12:
 301:Core/Src/stm32h7xx_hal_msp.c ****     GPIO_InitStruct.Mode = GPIO_MODE_AF_PP;
 592              		.loc 1 301 0
 593 005a 4FF4C853 		mov	r3, #6400
 594 005e 3193     		str	r3, [sp, #196]
 302:Core/Src/stm32h7xx_hal_msp.c ****     GPIO_InitStruct.Pull = GPIO_NOPULL;
 595              		.loc 1 302 0
 596 0060 0223     		movs	r3, #2
 597 0062 3293     		str	r3, [sp, #200]
 303:Core/Src/stm32h7xx_hal_msp.c ****     GPIO_InitStruct.Speed = GPIO_SPEED_FREQ_LOW;
 598              		.loc 1 303 0
 599 0064 0025     		movs	r5, #0
 600 0066 3395     		str	r5, [sp, #204]
 304:Core/Src/stm32h7xx_hal_msp.c ****     GPIO_InitStruct.Alternate = GPIO_AF10_OTG1_FS;
 601              		.loc 1 304 0
 602 0068 3495     		str	r5, [sp, #208]
 305:Core/Src/stm32h7xx_hal_msp.c ****     HAL_GPIO_Init(GPIOA, &GPIO_InitStruct);
 603              		.loc 1 305 0
 604 006a 0A23     		movs	r3, #10
 605 006c 3593     		str	r3, [sp, #212]
 306:Core/Src/stm32h7xx_hal_msp.c **** 
 606              		.loc 1 306 0
 607 006e 114E     		ldr	r6, .L37+8
 608 0070 31A9     		add	r1, sp, #196
 609 0072 3046     		mov	r0, r6
ARM GAS  C:\Users\CompuTOP\AppData\Local\Temp\ccDgRWPw.s 			page 18


 610 0074 FFF7FEFF 		bl	HAL_GPIO_Init
 611              	.LVL36:
 308:Core/Src/stm32h7xx_hal_msp.c ****     GPIO_InitStruct.Mode = GPIO_MODE_INPUT;
 612              		.loc 1 308 0
 613 0078 4FF40073 		mov	r3, #512
 614 007c 3193     		str	r3, [sp, #196]
 309:Core/Src/stm32h7xx_hal_msp.c ****     GPIO_InitStruct.Pull = GPIO_NOPULL;
 615              		.loc 1 309 0
 616 007e 3295     		str	r5, [sp, #200]
 310:Core/Src/stm32h7xx_hal_msp.c ****     HAL_GPIO_Init(GPIOA, &GPIO_InitStruct);
 617              		.loc 1 310 0
 618 0080 3395     		str	r5, [sp, #204]
 311:Core/Src/stm32h7xx_hal_msp.c **** 
 619              		.loc 1 311 0
 620 0082 31A9     		add	r1, sp, #196
 621 0084 3046     		mov	r0, r6
 622 0086 FFF7FEFF 		bl	HAL_GPIO_Init
 623              	.LVL37:
 624              	.LBB13:
 314:Core/Src/stm32h7xx_hal_msp.c ****   /* USER CODE BEGIN USB_OTG_FS_MspInit 1 */
 625              		.loc 1 314 0
 626 008a D4F8D830 		ldr	r3, [r4, #216]
 627 008e 43F00063 		orr	r3, r3, #134217728
 628 0092 C4F8D830 		str	r3, [r4, #216]
 629 0096 D4F8D830 		ldr	r3, [r4, #216]
 630 009a 03F00063 		and	r3, r3, #134217728
 631 009e 0193     		str	r3, [sp, #4]
 632 00a0 019B     		ldr	r3, [sp, #4]
 633              	.LBE13:
 634              		.loc 1 320 0
 635 00a2 BEE7     		b	.L31
 636              	.LVL38:
 637              	.L36:
 288:Core/Src/stm32h7xx_hal_msp.c ****     }
 638              		.loc 1 288 0
 639 00a4 FFF7FEFF 		bl	Error_Handler
 640              	.LVL39:
 641 00a8 C8E7     		b	.L33
 642              	.L38:
 643 00aa 00BF     		.align	2
 644              	.L37:
 645 00ac 00000840 		.word	1074266112
 646 00b0 00440258 		.word	1476543488
 647 00b4 00000258 		.word	1476526080
 648              		.cfi_endproc
 649              	.LFE149:
 651              		.section	.text.HAL_PCD_MspDeInit,"ax",%progbits
 652              		.align	1
 653              		.global	HAL_PCD_MspDeInit
 654              		.syntax unified
 655              		.thumb
 656              		.thumb_func
 657              		.fpu fpv5-d16
 659              	HAL_PCD_MspDeInit:
 660              	.LFB150:
 321:Core/Src/stm32h7xx_hal_msp.c **** 
 322:Core/Src/stm32h7xx_hal_msp.c **** /**
ARM GAS  C:\Users\CompuTOP\AppData\Local\Temp\ccDgRWPw.s 			page 19


 323:Core/Src/stm32h7xx_hal_msp.c **** * @brief PCD MSP De-Initialization
 324:Core/Src/stm32h7xx_hal_msp.c **** * This function freeze the hardware resources used in this example
 325:Core/Src/stm32h7xx_hal_msp.c **** * @param hpcd: PCD handle pointer
 326:Core/Src/stm32h7xx_hal_msp.c **** * @retval None
 327:Core/Src/stm32h7xx_hal_msp.c **** */
 328:Core/Src/stm32h7xx_hal_msp.c **** void HAL_PCD_MspDeInit(PCD_HandleTypeDef* hpcd)
 329:Core/Src/stm32h7xx_hal_msp.c **** {
 661              		.loc 1 329 0
 662              		.cfi_startproc
 663              		@ args = 0, pretend = 0, frame = 0
 664              		@ frame_needed = 0, uses_anonymous_args = 0
 665              	.LVL40:
 666 0000 08B5     		push	{r3, lr}
 667              	.LCFI16:
 668              		.cfi_def_cfa_offset 8
 669              		.cfi_offset 3, -8
 670              		.cfi_offset 14, -4
 330:Core/Src/stm32h7xx_hal_msp.c ****   if(hpcd->Instance==USB_OTG_FS)
 671              		.loc 1 330 0
 672 0002 0268     		ldr	r2, [r0]
 673 0004 084B     		ldr	r3, .L43
 674 0006 9A42     		cmp	r2, r3
 675 0008 00D0     		beq	.L42
 676              	.LVL41:
 677              	.L39:
 678 000a 08BD     		pop	{r3, pc}
 679              	.LVL42:
 680              	.L42:
 331:Core/Src/stm32h7xx_hal_msp.c ****   {
 332:Core/Src/stm32h7xx_hal_msp.c ****   /* USER CODE BEGIN USB_OTG_FS_MspDeInit 0 */
 333:Core/Src/stm32h7xx_hal_msp.c **** 
 334:Core/Src/stm32h7xx_hal_msp.c ****   /* USER CODE END USB_OTG_FS_MspDeInit 0 */
 335:Core/Src/stm32h7xx_hal_msp.c ****     /* Peripheral clock disable */
 336:Core/Src/stm32h7xx_hal_msp.c ****     __HAL_RCC_USB_OTG_FS_CLK_DISABLE();
 681              		.loc 1 336 0
 682 000c 074A     		ldr	r2, .L43+4
 683 000e D2F8D830 		ldr	r3, [r2, #216]
 684 0012 23F00063 		bic	r3, r3, #134217728
 685 0016 C2F8D830 		str	r3, [r2, #216]
 337:Core/Src/stm32h7xx_hal_msp.c **** 
 338:Core/Src/stm32h7xx_hal_msp.c ****     /**USB_OTG_FS GPIO Configuration
 339:Core/Src/stm32h7xx_hal_msp.c ****     PA8     ------> USB_OTG_FS_SOF
 340:Core/Src/stm32h7xx_hal_msp.c ****     PA9     ------> USB_OTG_FS_VBUS
 341:Core/Src/stm32h7xx_hal_msp.c ****     PA11     ------> USB_OTG_FS_DM
 342:Core/Src/stm32h7xx_hal_msp.c ****     PA12     ------> USB_OTG_FS_DP
 343:Core/Src/stm32h7xx_hal_msp.c ****     */
 344:Core/Src/stm32h7xx_hal_msp.c ****     HAL_GPIO_DeInit(GPIOA, GPIO_PIN_8|GPIO_PIN_9|GPIO_PIN_11|GPIO_PIN_12);
 686              		.loc 1 344 0
 687 001a 4FF4D851 		mov	r1, #6912
 688 001e 0448     		ldr	r0, .L43+8
 689              	.LVL43:
 690 0020 FFF7FEFF 		bl	HAL_GPIO_DeInit
 691              	.LVL44:
 345:Core/Src/stm32h7xx_hal_msp.c **** 
 346:Core/Src/stm32h7xx_hal_msp.c ****   /* USER CODE BEGIN USB_OTG_FS_MspDeInit 1 */
 347:Core/Src/stm32h7xx_hal_msp.c **** 
 348:Core/Src/stm32h7xx_hal_msp.c ****   /* USER CODE END USB_OTG_FS_MspDeInit 1 */
ARM GAS  C:\Users\CompuTOP\AppData\Local\Temp\ccDgRWPw.s 			page 20


 349:Core/Src/stm32h7xx_hal_msp.c ****   }
 350:Core/Src/stm32h7xx_hal_msp.c **** 
 351:Core/Src/stm32h7xx_hal_msp.c **** }
 692              		.loc 1 351 0
 693 0024 F1E7     		b	.L39
 694              	.L44:
 695 0026 00BF     		.align	2
 696              	.L43:
 697 0028 00000840 		.word	1074266112
 698 002c 00440258 		.word	1476543488
 699 0030 00000258 		.word	1476526080
 700              		.cfi_endproc
 701              	.LFE150:
 703              		.text
 704              	.Letext0:
 705              		.file 2 "c:\\program files (x86)\\gnu tools arm embedded\\6 2017-q2-update\\arm-none-eabi\\include
 706              		.file 3 "c:\\program files (x86)\\gnu tools arm embedded\\6 2017-q2-update\\arm-none-eabi\\include
 707              		.file 4 "Drivers/CMSIS/Include/core_cm7.h"
 708              		.file 5 "Drivers/CMSIS/Device/ST/STM32H7xx/Include/system_stm32h7xx.h"
 709              		.file 6 "Drivers/CMSIS/Device/ST/STM32H7xx/Include/stm32h743xx.h"
 710              		.file 7 "c:\\program files (x86)\\gnu tools arm embedded\\6 2017-q2-update\\arm-none-eabi\\include
 711              		.file 8 "c:\\program files (x86)\\gnu tools arm embedded\\6 2017-q2-update\\arm-none-eabi\\include
 712              		.file 9 "c:\\program files (x86)\\gnu tools arm embedded\\6 2017-q2-update\\lib\\gcc\\arm-none-eab
 713              		.file 10 "c:\\program files (x86)\\gnu tools arm embedded\\6 2017-q2-update\\arm-none-eabi\\includ
 714              		.file 11 "c:\\program files (x86)\\gnu tools arm embedded\\6 2017-q2-update\\arm-none-eabi\\includ
 715              		.file 12 "Drivers/STM32H7xx_HAL_Driver/Inc/stm32h7xx_hal_def.h"
 716              		.file 13 "Drivers/STM32H7xx_HAL_Driver/Inc/stm32h7xx_hal_rcc_ex.h"
 717              		.file 14 "Drivers/STM32H7xx_HAL_Driver/Inc/stm32h7xx_hal_gpio.h"
 718              		.file 15 "Drivers/STM32H7xx_HAL_Driver/Inc/stm32h7xx_hal_dma.h"
 719              		.file 16 "Drivers/STM32H7xx_HAL_Driver/Inc/stm32h7xx_hal_eth.h"
 720              		.file 17 "Drivers/STM32H7xx_HAL_Driver/Inc/stm32h7xx_hal_flash.h"
 721              		.file 18 "Drivers/STM32H7xx_HAL_Driver/Inc/stm32h7xx_hal_uart.h"
 722              		.file 19 "Drivers/STM32H7xx_HAL_Driver/Inc/stm32h7xx_ll_usb.h"
 723              		.file 20 "Drivers/STM32H7xx_HAL_Driver/Inc/stm32h7xx_hal_pcd.h"
 724              		.file 21 "Drivers/STM32H7xx_HAL_Driver/Inc/stm32h7xx_hal.h"
 725              		.file 22 "Drivers/STM32H7xx_HAL_Driver/Inc/stm32h7xx_hal_pwr_ex.h"
 726              		.file 23 "Core/Inc/main.h"
ARM GAS  C:\Users\CompuTOP\AppData\Local\Temp\ccDgRWPw.s 			page 21


DEFINED SYMBOLS
                            *ABS*:00000000 stm32h7xx_hal_msp.c
C:\Users\CompuTOP\AppData\Local\Temp\ccDgRWPw.s:17     .text.HAL_MspInit:00000000 $t
C:\Users\CompuTOP\AppData\Local\Temp\ccDgRWPw.s:24     .text.HAL_MspInit:00000000 HAL_MspInit
C:\Users\CompuTOP\AppData\Local\Temp\ccDgRWPw.s:55     .text.HAL_MspInit:00000020 $d
C:\Users\CompuTOP\AppData\Local\Temp\ccDgRWPw.s:60     .text.HAL_ETH_MspInit:00000000 $t
C:\Users\CompuTOP\AppData\Local\Temp\ccDgRWPw.s:67     .text.HAL_ETH_MspInit:00000000 HAL_ETH_MspInit
C:\Users\CompuTOP\AppData\Local\Temp\ccDgRWPw.s:249    .text.HAL_ETH_MspInit:00000120 $d
C:\Users\CompuTOP\AppData\Local\Temp\ccDgRWPw.s:259    .text.HAL_ETH_MspDeInit:00000000 $t
C:\Users\CompuTOP\AppData\Local\Temp\ccDgRWPw.s:266    .text.HAL_ETH_MspDeInit:00000000 HAL_ETH_MspDeInit
C:\Users\CompuTOP\AppData\Local\Temp\ccDgRWPw.s:327    .text.HAL_ETH_MspDeInit:00000058 $d
C:\Users\CompuTOP\AppData\Local\Temp\ccDgRWPw.s:337    .text.HAL_UART_MspInit:00000000 $t
C:\Users\CompuTOP\AppData\Local\Temp\ccDgRWPw.s:344    .text.HAL_UART_MspInit:00000000 HAL_UART_MspInit
C:\Users\CompuTOP\AppData\Local\Temp\ccDgRWPw.s:449    .text.HAL_UART_MspInit:0000008c $d
C:\Users\CompuTOP\AppData\Local\Temp\ccDgRWPw.s:456    .text.HAL_UART_MspDeInit:00000000 $t
C:\Users\CompuTOP\AppData\Local\Temp\ccDgRWPw.s:463    .text.HAL_UART_MspDeInit:00000000 HAL_UART_MspDeInit
C:\Users\CompuTOP\AppData\Local\Temp\ccDgRWPw.s:501    .text.HAL_UART_MspDeInit:00000028 $d
C:\Users\CompuTOP\AppData\Local\Temp\ccDgRWPw.s:508    .text.HAL_PCD_MspInit:00000000 $t
C:\Users\CompuTOP\AppData\Local\Temp\ccDgRWPw.s:515    .text.HAL_PCD_MspInit:00000000 HAL_PCD_MspInit
C:\Users\CompuTOP\AppData\Local\Temp\ccDgRWPw.s:645    .text.HAL_PCD_MspInit:000000ac $d
C:\Users\CompuTOP\AppData\Local\Temp\ccDgRWPw.s:652    .text.HAL_PCD_MspDeInit:00000000 $t
C:\Users\CompuTOP\AppData\Local\Temp\ccDgRWPw.s:659    .text.HAL_PCD_MspDeInit:00000000 HAL_PCD_MspDeInit
C:\Users\CompuTOP\AppData\Local\Temp\ccDgRWPw.s:697    .text.HAL_PCD_MspDeInit:00000028 $d
                     .debug_frame:00000010 $d

UNDEFINED SYMBOLS
HAL_GPIO_Init
HAL_GPIO_DeInit
memset
HAL_RCCEx_PeriphCLKConfig
Error_Handler
HAL_PWREx_EnableUSBVoltageDetector
